<?xml version="1.0" encoding="UTF-8"?>
<!-- Generated by org.testng.reporters.JUnitReportReporter -->
<testsuite hostname="LAPTOP-SQBD1KF4" failures="0" tests="5" name="TestCases.LoginPageTest" time="26.687" errors="0" timestamp="2023-01-03T11:03:14 IST" skipped="4">
  <testcase classname="TestCases.LoginPageTest" name="verifyOrangeHrmLoginLogoTest" time="26.687"/>
  <testcase classname="TestCases.LoginPageTest" name="verifyCompanyBrandingLogoTest">
    <skipped/>
  </testcase> <!-- verifyCompanyBrandingLogoTest -->
  <testcase classname="TestCases.LoginPageTest" name="loginToAppTest">
    <skipped/>
  </testcase> <!-- loginToAppTest -->
  <testcase classname="TestCases.LoginPageTest" name="verifyURLTest">
    <skipped/>
  </testcase> <!-- verifyURLTest -->
  <testcase classname="TestCases.LoginPageTest" name="verifyTitleTest">
    <skipped/>
  </testcase> <!-- verifyTitleTest -->
</testsuite> <!-- TestCases.LoginPageTest -->
